<?xml version="1.0" encoding="UTF-8"?>
<!-- Generated by org.testng.reporters.JUnitReportReporter -->
<testsuite hostname="CI086" failures="0" tests="1" name="com.yahoomail.testcases.TC_001" time="34.545" errors="0" timestamp="15 Dec 2017 07:59:24 GMT" skipped="0">
  <testcase classname="com.yahoomail.testcases.TC_001" name="TC_003_assrt" time="34.545"/>
</testsuite> <!-- com.yahoomail.testcases.TC_001 -->
