<?xml version="1.0" encoding="UTF-8"?>
<!-- Generated by org.testng.reporters.JUnitReportReporter -->
<testsuite hostname="CI086" failures="0" tests="1" name="com.yahoomail.testcases.TC_002" time="37.310" errors="0" timestamp="12 Dec 2017 05:43:00 GMT" skipped="0">
  <testcase classname="com.yahoomail.testcases.TC_002" name="testTwoExp" time="37.310"/>
</testsuite> <!-- com.yahoomail.testcases.TC_002 -->
