<?xml version="1.0" encoding="UTF-8"?>
<!-- Generated by org.testng.reporters.JUnitReportReporter -->
<testsuite hostname="CI086" failures="0" tests="1" name="com.yahoomail.testcases.TC_001" time="88.109" errors="0" timestamp="12 Dec 2017 06:59:52 GMT" skipped="0">
  <testcase classname="com.yahoomail.testcases.TC_001" name="TC_003_assrt" time="88.109"/>
</testsuite> <!-- com.yahoomail.testcases.TC_001 -->
