<?xml version="1.0" encoding="UTF-8"?>
<!-- Generated by org.testng.reporters.JUnitReportReporter -->
<testsuite hostname="CI086" failures="0" tests="2" name="com.yahoomail.testcases.TC_001" time="62.504" errors="0" timestamp="11 Dec 2017 04:58:15 GMT" skipped="0">
  <testcase classname="com.yahoomail.testcases.TC_001" name="TC_001_loginUser" time="30.861"/>
  <testcase classname="com.yahoomail.testcases.TC_001" name="TC_002_ComposeAndSend" time="31.643"/>
</testsuite> <!-- com.yahoomail.testcases.TC_001 -->
